<?xml version="1.0" encoding="UTF-8"?>
<testng-results skipped="0" failed="0" ignored="0" total="3" passed="3">
  <reporter-output>
  </reporter-output>
  <suite name="Default Suite" duration-ms="55" started-at="2023-07-14T19:14:40 IST" finished-at="2023-07-14T19:14:40 IST">
    <groups>
    </groups>
    <test name="LearnJava" duration-ms="55" started-at="2023-07-14T19:14:40 IST" finished-at="2023-07-14T19:14:40 IST">
      <class name="Main">
        <test-method status="PASS" signature="testSteps()[pri:1, instance:Main@51efea79]" name="testSteps" duration-ms="7" started-at="2023-07-14T19:14:40 IST" finished-at="2023-07-14T19:14:40 IST">
          <reporter-output>
          </reporter-output>
        </test-method> <!-- testSteps -->
        <test-method status="PASS" signature="setup()[pri:2, instance:Main@51efea79]" name="setup" duration-ms="1" started-at="2023-07-14T19:14:40 IST" finished-at="2023-07-14T19:14:40 IST">
          <reporter-output>
          </reporter-output>
        </test-method> <!-- setup -->
        <test-method status="PASS" signature="tearDown()[pri:3, instance:Main@51efea79]" name="tearDown" duration-ms="0" started-at="2023-07-14T19:14:40 IST" finished-at="2023-07-14T19:14:40 IST">
          <reporter-output>
          </reporter-output>
        </test-method> <!-- tearDown -->
      </class> <!-- Main -->
    </test> <!-- LearnJava -->
  </suite> <!-- Default Suite -->
</testng-results>
